        -:    0:Source:romanos.cpp
        -:    0:Graph:romanos.gcno
        -:    0:Data:romanos.gcda
        -:    0:Runs:1
        -:    1:#include "romanos.hpp"
        -:    2:#include <cstring>
        -:    3:#include <cctype>
        -:    4:
        -:    5:// Retorna o valor decimal de um algarismo romano valido
        -:    6:// Retorna -1 se o algarismo for invalido
       76:    7:static int valor_algarismo(char algarismo) {
       76:    8:  switch (algarismo) {
       26:    9:    case 'I':
       26:   10:      return 1;
       12:   11:    case 'V':
       12:   12:      return 5;
       16:   13:    case 'X':
       16:   14:      return 10;
        6:   15:    case 'L':
        6:   16:      return 50;
        6:   17:    case 'C':
        6:   18:      return 100;
        4:   19:    case 'D':
        4:   20:      return 500;
        4:   21:    case 'M':
        4:   22:      return 1000;
        2:   23:    default:
        2:   24:      return -1;
        -:   25:  }
        -:   26:}
        -:   27:
        -:   28:// Verifica se um algarismo pode ser repetido
        -:   29:// V, L, D nao podem ser repetidos
       11:   30:static bool pode_repetir(char algarismo) {
       11:   31:  return algarismo == 'I' || algarismo == 'X' || algarismo == 'C' ||
       11:   32:         algarismo == 'M';
        -:   33:}
        -:   34:
        -:   35:// Verifica se a subtracao eh valida
        -:   36:// I pode estar antes de V e X
        -:   37:// X pode estar antes de L e C
        -:   38:// C pode estar antes de D e M
       13:   39:static bool subtracao_valida(char menor, char maior) {
       13:   40:  if (menor == 'I') {
       5*:   41:    return maior == 'V' || maior == 'X';
        -:   42:  }
        8:   43:  if (menor == 'X') {
       4*:   44:    return maior == 'L' || maior == 'C';
        -:   45:  }
        4:   46:  if (menor == 'C') {
       1*:   47:    return maior == 'D' || maior == 'M';
        -:   48:  }
        3:   49:  return false;
        -:   50:}
        -:   51:
        -:   52:// Valida se a entrada eh uma string valida nao vazia
       33:   53:static bool entrada_valida(char const * num_romano) {
       33:   54:  return num_romano != nullptr && num_romano[0] != '\0';
        -:   55:}
        -:   56:
        -:   57:// Valida se o resultado nao excede 3000
       23:   58:static bool resultado_valido(int resultado) {
      23*:   59:  return resultado >= 0 && resultado <= 3000;
        -:   60:}
        -:   61:
       33:   62:int romanos_para_decimal(char const * num_romano) {
        -:   63:  // String vazia eh invalida
       33:   64:  if (!entrada_valida(num_romano)) {
        1:   65:    return -1;
        -:   66:  }
        -:   67:
       32:   68:  int comprimento = std::strlen(num_romano);
       32:   69:  int resultado = 0;
       32:   70:  int i = 0;
        -:   71:
       65:   72:  while (i < comprimento) {
       42:   73:    int valor_atual = valor_algarismo(num_romano[i]);
        -:   74:
        -:   75:    // Algarismo invalido
       42:   76:    if (valor_atual == -1) {
        2:   77:      return -1;
        -:   78:    }
        -:   79:
        -:   80:    // Proximo algarismo
       40:   81:    if (i + 1 < comprimento) {
       31:   82:      int proximo_valor = valor_algarismo(num_romano[i + 1]);
        -:   83:
       31:   84:      if (proximo_valor == -1) {
    #####:   85:        return -1;
        -:   86:      }
        -:   87:
        -:   88:      // Se o proximo eh maior, eh subtracao
       31:   89:      if (proximo_valor > valor_atual) {
        -:   90:        // Verifica se a subtracao eh valida
       13:   91:        if (!subtracao_valida(num_romano[i], num_romano[i + 1])) {
        3:   92:          return -1;
        -:   93:        }
        -:   94:
        -:   95:        // Verifica se ha outro algarismo apos e se eh valido
       10:   96:        if (i + 2 < comprimento) {
        3:   97:          int proximo_proximo = valor_algarismo(num_romano[i + 2]);
        3:   98:          if (proximo_proximo == -1) {
    #####:   99:            return -1;
        -:  100:          }
        -:  101:          // Apos uma subtracao, o proximo deve ser menor ou igual
        3:  102:          if (proximo_proximo >= proximo_valor) {
    #####:  103:            return -1;
        -:  104:          }
        -:  105:        }
        -:  106:
       10:  107:        resultado += proximo_valor - valor_atual;
       10:  108:        i += 2;
       10:  109:        continue;
       10:  110:      }
        -:  111:    }
        -:  112:
        -:  113:    // Verifica repeticao invalida
       27:  114:    if (i + 1 < comprimento && num_romano[i] == num_romano[i + 1]) {
       11:  115:      if (!pode_repetir(num_romano[i])) {
        3:  116:        return -1;
        -:  117:      }
        -:  118:
        -:  119:      // Conta quantas vezes se repete
        8:  120:      int contador = 1;
       21:  121:      while (i + contador < comprimento &&
       13:  122:             num_romano[i + contador] == num_romano[i]) {
       13:  123:        contador++;
        -:  124:      }
        -:  125:
        -:  126:      // I, X, C, M podem repetir no maximo 3 vezes
        8:  127:      if (contador > 3) {
        1:  128:        return -1;
        -:  129:      }
        -:  130:
        7:  131:      resultado += valor_atual * contador;
        7:  132:      i += contador;
        7:  133:    } else {
       16:  134:      resultado += valor_atual;
       16:  135:      i++;
        -:  136:    }
        -:  137:  }
        -:  138:
        -:  139:  // Verifica se o resultado nao excede 3000
       23:  140:  if (!resultado_valido(resultado)) {
    #####:  141:    return -1;
        -:  142:  }
        -:  143:
       23:  144:  return resultado;
        -:  145:}
